  set_packet.cpp
c:\users\subin\onedrive\desktop\project\set_packet.cpp(12): warning C4101: 'dest' :참조되지 않은 지역 변수입니다.
c:\users\subin\onedrive\desktop\project\set_packet.cpp(14): warning C4101: 'test1' :참조되지 않은 지역 변수입니다.
c:\users\subin\onedrive\desktop\project\set_packet.cpp(12): warning C4101: 'source' :참조되지 않은 지역 변수입니다.
c:\users\subin\onedrive\desktop\project\set_packet.cpp(13): warning C4101: 'test' :참조되지 않은 지역 변수입니다.
  raw_socket.cpp
c:\users\subin\onedrive\desktop\project\raw_socket.cpp(38): warning C4996: 'fopen': This function or variable may be unsafe. Consider using fopen_s instead. To disable deprecation, use _CRT_SECURE_NO_WARNINGS. See online help for details.
  c:\program files (x86)\windows kits\10\include\10.0.10240.0\ucrt\stdio.h(205): note: 'fopen' 선언을 참조하십시오.
c:\users\subin\onedrive\desktop\project\raw_socket.cpp(116): warning C4996: 'inet_ntoa': Use inet_ntop() or InetNtop() instead or define _WINSOCK_DEPRECATED_NO_WARNINGS to disable deprecated API warnings
  c:\program files (x86)\windows kits\8.1\include\um\winsock2.h(1868): note: 'inet_ntoa' 선언을 참조하십시오.
c:\users\subin\onedrive\desktop\project\raw_socket.cpp(120): warning C4996: 'scanf': This function or variable may be unsafe. Consider using scanf_s instead. To disable deprecation, use _CRT_SECURE_NO_WARNINGS. See online help for details.
  c:\program files (x86)\windows kits\10\include\10.0.10240.0\ucrt\stdio.h(1270): note: 'scanf' 선언을 참조하십시오.
c:\users\subin\onedrive\desktop\project\raw_socket.cpp(68): warning C4101: 'pkSize' :참조되지 않은 지역 변수입니다.
c:\users\subin\onedrive\desktop\project\raw_socket.cpp(69): warning C4101: 'option' :참조되지 않은 지역 변수입니다.
c:\users\subin\onedrive\desktop\project\raw_socket.cpp(65): warning C4101: 'source_ip' :참조되지 않은 지역 변수입니다.
c:\users\subin\onedrive\desktop\project\raw_socket.cpp(68): warning C4101: 'optval' :참조되지 않은 지역 변수입니다.
c:\users\subin\onedrive\desktop\project\raw_socket.cpp(65): warning C4101: 'host' :참조되지 않은 지역 변수입니다.
  packet_print.cpp
c:\users\subin\onedrive\desktop\project\packet_print.cpp(42): warning C4996: 'inet_ntoa': Use inet_ntop() or InetNtop() instead or define _WINSOCK_DEPRECATED_NO_WARNINGS to disable deprecated API warnings
  c:\program files (x86)\windows kits\8.1\include\um\winsock2.h(1868): note: 'inet_ntoa' 선언을 참조하십시오.
c:\users\subin\onedrive\desktop\project\packet_print.cpp(46): warning C4996: 'inet_ntoa': Use inet_ntop() or InetNtop() instead or define _WINSOCK_DEPRECATED_NO_WARNINGS to disable deprecated API warnings
  c:\program files (x86)\windows kits\8.1\include\um\winsock2.h(1868): note: 'inet_ntoa' 선언을 참조하십시오.
c:\users\subin\onedrive\desktop\project\packet_print.cpp(183): warning C4996: 'strdup': The POSIX name for this item is deprecated. Instead, use the ISO C and C++ conformant name: _strdup. See online help for details.
  c:\program files (x86)\windows kits\10\include\10.0.10240.0\ucrt\string.h(552): note: 'strdup' 선언을 참조하십시오.
c:\users\subin\onedrive\desktop\project\packet_print.cpp(194): warning C4996: 'strdup': The POSIX name for this item is deprecated. Instead, use the ISO C and C++ conformant name: _strdup. See online help for details.
  c:\program files (x86)\windows kits\10\include\10.0.10240.0\ucrt\string.h(552): note: 'strdup' 선언을 참조하십시오.
c:\users\subin\onedrive\desktop\project\packet_print.cpp(206): warning C4996: 'strdup': The POSIX name for this item is deprecated. Instead, use the ISO C and C++ conformant name: _strdup. See online help for details.
  c:\program files (x86)\windows kits\10\include\10.0.10240.0\ucrt\string.h(552): note: 'strdup' 선언을 참조하십시오.
c:\users\subin\onedrive\desktop\project\packet_print.cpp(218): warning C4996: 'strdup': The POSIX name for this item is deprecated. Instead, use the ISO C and C++ conformant name: _strdup. See online help for details.
  c:\program files (x86)\windows kits\10\include\10.0.10240.0\ucrt\string.h(552): note: 'strdup' 선언을 참조하십시오.
c:\users\subin\onedrive\desktop\project\packet_print.cpp(235): warning C4996: 'strdup': The POSIX name for this item is deprecated. Instead, use the ISO C and C++ conformant name: _strdup. See online help for details.
  c:\program files (x86)\windows kits\10\include\10.0.10240.0\ucrt\string.h(552): note: 'strdup' 선언을 참조하십시오.
  header.cpp
  코드를 생성하고 있습니다...
c:\users\subin\onedrive\desktop\project\raw_socket.cpp(113): warning C4700: 초기화되지 않은 'server' 지역 변수를 사용했습니다.
c:\users\subin\onedrive\desktop\project\set_packet.cpp(114): warning C4715: 'Packet::getPort': 모든 제어 경로에서 값을 반환하지는 않습니다.
  project.vcxproj -> C:\Users\subin\OneDrive\Desktop\project\Debug\project.exe
  project.vcxproj -> C:\Users\subin\OneDrive\Desktop\project\Debug\project.pdb (Full PDB)
